<?xml version="1.0" encoding="UTF-8"?>
<!-- Generated by org.testng.reporters.JUnitXMLReporter -->
<testsuite ignored="0" hostname="user-PC" failures="2" tests="34" name="Test2" time="899.88" errors="0" timestamp="28 Apr 2018 06:16:34 GMT">
  <testcase classname="test.org.ArticleBranding" name="@BeforeMethod setUp" time="210.328">
    <failure type="org.openqa.selenium.TimeoutException" message="Expected condition failed: waiting for visibility of element located by By.xpath: //span[text()=&amp;apos;My Account&amp;apos;] (tried for 40 second(s) with 500 milliseconds interval)
Build info: version: &amp;apos;3.11.0&amp;apos;, revision: &amp;apos;e59cfb3&amp;apos;, time: &amp;apos;2018-03-11T20:33:15.31Z&amp;apos;
System info: host: &amp;apos;USER-PC&amp;apos;, ip: &amp;apos;192.168.1.199&amp;apos;, os.name: &amp;apos;Windows 7&amp;apos;, os.arch: &amp;apos;amd64&amp;apos;, os.version: &amp;apos;6.1&amp;apos;, java.version: &amp;apos;10.0.1&amp;apos;
Driver info: org.openqa.selenium.firefox.FirefoxDriver
Capabilities {acceptInsecureCerts: true, browserName: firefox, browserVersion: 59.0.2, javascriptEnabled: true, moz:accessibilityChecks: false, moz:headless: false, moz:processID: 7356, moz:profile: C:\Users\user\AppData\Local..., moz:useNonSpecCompliantPointerOrigin: false, moz:webdriverClick: true, pageLoadStrategy: normal, platform: XP, platformName: XP, platformVersion: 6.1, rotatable: false, timeouts: {implicit: 0, pageLoad: 300000, script: 30000}}
Session ID: 79aab00c-7122-4146-8c1c-cf448c16d470">
      <![CDATA[org.openqa.selenium.TimeoutException: Expected condition failed: waiting for visibility of element located by By.xpath: //span[text()='My Account'] (tried for 40 second(s) with 500 milliseconds interval)
Build info: version: '3.11.0', revision: 'e59cfb3', time: '2018-03-11T20:33:15.31Z'
System info: host: 'USER-PC', ip: '192.168.1.199', os.name: 'Windows 7', os.arch: 'amd64', os.version: '6.1', java.version: '10.0.1'
Driver info: org.openqa.selenium.firefox.FirefoxDriver
Capabilities {acceptInsecureCerts: true, browserName: firefox, browserVersion: 59.0.2, javascriptEnabled: true, moz:accessibilityChecks: false, moz:headless: false, moz:processID: 7356, moz:profile: C:\Users\user\AppData\Local..., moz:useNonSpecCompliantPointerOrigin: false, moz:webdriverClick: true, pageLoadStrategy: normal, platform: XP, platformName: XP, platformVersion: 6.1, rotatable: false, timeouts: {implicit: 0, pageLoad: 300000, script: 30000}}
Session ID: 79aab00c-7122-4146-8c1c-cf448c16d470
at org.openqa.selenium.support.ui.WebDriverWait.timeoutException(WebDriverWait.java:81)
at org.openqa.selenium.support.ui.FluentWait.until(FluentWait.java:271)
at test.org.ArticleBranding.setUp(ArticleBranding.java:60)
... Removed 28 stack frames]]>
    </failure>
  </testcase> <!-- @BeforeMethod setUp -->
  <testcase classname="test.org.ArticleBranding" name="@AfterMethod tearDo" time="0.0">
    <skipped/>
  </testcase> <!-- @AfterMethod tearDo -->
  <testcase classname="test.org.ArticleBranding" name="@BeforeMethod setUp" time="0.0">
    <skipped/>
  </testcase> <!-- @BeforeMethod setUp -->
  <testcase classname="test.org.ArticleBranding" name="@AfterMethod tearDo" time="0.0">
    <skipped/>
  </testcase> <!-- @AfterMethod tearDo -->
  <testcase classname="test.org.ArticleBranding" name="@BeforeMethod setUp" time="0.0">
    <skipped/>
  </testcase> <!-- @BeforeMethod setUp -->
  <testcase classname="test.org.ArticleBranding" name="@AfterMethod tearDo" time="0.0">
    <skipped/>
  </testcase> <!-- @AfterMethod tearDo -->
  <testcase classname="test.org.ArticleBranding" name="@BeforeMethod setUp" time="0.0">
    <skipped/>
  </testcase> <!-- @BeforeMethod setUp -->
  <testcase classname="test.org.ArticleBranding" name="@AfterMethod tearDo" time="0.0">
    <skipped/>
  </testcase> <!-- @AfterMethod tearDo -->
  <testcase classname="test.org.ArticleBranding" name="@BeforeMethod setUp" time="0.0">
    <skipped/>
  </testcase> <!-- @BeforeMethod setUp -->
  <testcase classname="test.org.ArticleBranding" name="@AfterMethod tearDo" time="0.0">
    <skipped/>
  </testcase> <!-- @AfterMethod tearDo -->
  <testcase classname="test.org.ArticleBranding" name="@BeforeMethod setUp" time="0.0">
    <skipped/>
  </testcase> <!-- @BeforeMethod setUp -->
  <testcase classname="test.org.ArticleBranding" name="@AfterMethod tearDo" time="0.0">
    <skipped/>
  </testcase> <!-- @AfterMethod tearDo -->
  <testcase classname="test.org.ArticleBranding" name="@BeforeMethod setUp" time="0.0">
    <skipped/>
  </testcase> <!-- @BeforeMethod setUp -->
  <testcase classname="test.org.ArticleBranding" name="@AfterMethod tearDo" time="0.0">
    <skipped/>
  </testcase> <!-- @AfterMethod tearDo -->
  <testcase classname="test.org.ArticleBranding" name="@BeforeMethod setUp" time="0.0">
    <skipped/>
  </testcase> <!-- @BeforeMethod setUp -->
  <testcase classname="test.org.ArticleBranding" name="@AfterMethod tearDo" time="0.0">
    <skipped/>
  </testcase> <!-- @AfterMethod tearDo -->
  <testcase classname="test.org.ArticleBranding" name="@BeforeMethod setUp" time="0.0">
    <skipped/>
  </testcase> <!-- @BeforeMethod setUp -->
  <testcase classname="test.org.ArticleBranding" name="@AfterMethod tearDo" time="0.0">
    <skipped/>
  </testcase> <!-- @AfterMethod tearDo -->
  <testcase classname="test.org.ArticleBranding" name="@BeforeMethod setUp" time="0.0">
    <skipped/>
  </testcase> <!-- @BeforeMethod setUp -->
  <testcase classname="test.org.ArticleBranding" name="@AfterMethod tearDo" time="0.0">
    <skipped/>
  </testcase> <!-- @AfterMethod tearDo -->
  <testcase classname="test.org.ArticleBranding" name="@BeforeMethod setUp" time="0.0">
    <skipped/>
  </testcase> <!-- @BeforeMethod setUp -->
  <testcase classname="test.org.ArticleBranding" name="@AfterMethod tearDo" time="0.0">
    <skipped/>
  </testcase> <!-- @AfterMethod tearDo -->
  <testcase classname="test.org.ArticleBranding" name="@BeforeMethod setUp" time="0.0">
    <skipped/>
  </testcase> <!-- @BeforeMethod setUp -->
  <testcase classname="test.org.ArticleBranding" name="@AfterMethod tearDo" time="0.0">
    <skipped/>
  </testcase> <!-- @AfterMethod tearDo -->
  <testcase classname="test.org.ArticleBranding" name="@BeforeMethod setUp" time="0.0">
    <skipped/>
  </testcase> <!-- @BeforeMethod setUp -->
  <testcase classname="test.org.ArticleBranding" name="@AfterMethod tearDo" time="0.0">
    <skipped/>
  </testcase> <!-- @AfterMethod tearDo -->
  <testcase classname="test.org.ArticleBranding" name="@BeforeMethod setUp" time="0.0">
    <skipped/>
  </testcase> <!-- @BeforeMethod setUp -->
  <testcase classname="test.org.ArticleBranding" name="@AfterMethod tearDo" time="0.0">
    <skipped/>
  </testcase> <!-- @AfterMethod tearDo -->
  <testcase classname="test.org.ArticleBranding" name="@BeforeMethod setUp" time="0.0">
    <skipped/>
  </testcase> <!-- @BeforeMethod setUp -->
  <testcase classname="test.org.ArticleBranding" name="@AfterMethod tearDo" time="0.0">
    <skipped/>
  </testcase> <!-- @AfterMethod tearDo -->
  <testcase classname="test.org.ArticleBranding" name="@BeforeMethod setUp" time="0.0">
    <skipped/>
  </testcase> <!-- @BeforeMethod setUp -->
  <testcase classname="test.org.ArticleBranding" name="@AfterMethod tearDo" time="0.0">
    <skipped/>
  </testcase> <!-- @AfterMethod tearDo -->
  <testcase classname="test.org.ArticleBranding" name="@BeforeMethod setUp" time="0.0">
    <skipped/>
  </testcase> <!-- @BeforeMethod setUp -->
  <testcase classname="test.org.ArticleBranding" name="@AfterMethod tearDo" time="0.0">
    <skipped/>
  </testcase> <!-- @AfterMethod tearDo -->
  <testcase classname="test.org.ArticleBranding" name="@BeforeMethod setUp" time="0.0">
    <skipped/>
  </testcase> <!-- @BeforeMethod setUp -->
  <testcase classname="test.org.ArticleBranding" name="@AfterMethod tearDo" time="0.0">
    <skipped/>
  </testcase> <!-- @AfterMethod tearDo -->
  <testcase classname="test.org.ArticleBranding" name="@BeforeMethod setUp" time="0.0">
    <skipped/>
  </testcase> <!-- @BeforeMethod setUp -->
  <testcase classname="test.org.ArticleBranding" name="@AfterMethod tearDo" time="0.0">
    <skipped/>
  </testcase> <!-- @AfterMethod tearDo -->
  <testcase classname="test.org.ArticleBranding" name="@BeforeMethod setUp" time="0.0">
    <skipped/>
  </testcase> <!-- @BeforeMethod setUp -->
  <testcase classname="test.org.ArticleBranding" name="@AfterMethod tearDo" time="0.0">
    <skipped/>
  </testcase> <!-- @AfterMethod tearDo -->
  <testcase classname="test.org.ArticleBranding" name="@BeforeMethod setUp" time="0.0">
    <skipped/>
  </testcase> <!-- @BeforeMethod setUp -->
  <testcase classname="test.org.ArticleBranding" name="@AfterMethod tearDo" time="0.0">
    <skipped/>
  </testcase> <!-- @AfterMethod tearDo -->
  <testcase classname="test.org.ArticleBranding" name="@BeforeMethod setUp" time="0.0">
    <skipped/>
  </testcase> <!-- @BeforeMethod setUp -->
  <testcase classname="test.org.ArticleBranding" name="@AfterMethod tearDo" time="0.0">
    <skipped/>
  </testcase> <!-- @AfterMethod tearDo -->
  <testcase classname="test.org.ArticleBranding" name="@BeforeMethod setUp" time="0.0">
    <skipped/>
  </testcase> <!-- @BeforeMethod setUp -->
  <testcase classname="test.org.ArticleBranding" name="@AfterMethod tearDo" time="0.0">
    <skipped/>
  </testcase> <!-- @AfterMethod tearDo -->
  <testcase classname="test.org.ArticleBranding" name="@BeforeMethod setUp" time="0.0">
    <skipped/>
  </testcase> <!-- @BeforeMethod setUp -->
  <testcase classname="test.org.ArticleBranding" name="@AfterMethod tearDo" time="0.0">
    <skipped/>
  </testcase> <!-- @AfterMethod tearDo -->
  <testcase classname="test.org.ArticleBranding" name="articleVerify" time="2.847"/>
  <testcase classname="test.org.ArticleBranding" name="memesubMenuLink" time="2.862"/>
  <testcase classname="test.org.ArticleBranding" name="accountSettingsLink" time="3.144"/>
  <testcase classname="test.org.ArticleBranding" name="socialAccountLink" time="2.891"/>
  <testcase classname="test.org.ArticleBranding" name="sharedArticleLink" time="3.95"/>
  <testcase classname="test.org.ArticleBranding" name="shorttutorialVideo" time="23.906"/>
  <testcase classname="test.org.ArticleBranding" name="contactUs" time="2.581"/>
  <testcase classname="test.org.ArticleBranding" name="changeyourImage" time="83.987">
    <failure type="org.openqa.selenium.NoAlertPresentException" message="No modal dialog is currently open
Build info: version: &amp;apos;3.11.0&amp;apos;, revision: &amp;apos;e59cfb3&amp;apos;, time: &amp;apos;2018-03-11T20:33:15.31Z&amp;apos;
System info: host: &amp;apos;USER-PC&amp;apos;, ip: &amp;apos;192.168.1.199&amp;apos;, os.name: &amp;apos;Windows 7&amp;apos;, os.arch: &amp;apos;amd64&amp;apos;, os.version: &amp;apos;6.1&amp;apos;, java.version: &amp;apos;10.0.1&amp;apos;
Driver info: org.openqa.selenium.firefox.FirefoxDriver
Capabilities {acceptInsecureCerts: true, browserName: firefox, browserVersion: 59.0.2, javascriptEnabled: true, moz:accessibilityChecks: false, moz:headless: false, moz:processID: 8916, moz:profile: C:\Users\user\AppData\Local..., moz:useNonSpecCompliantPointerOrigin: false, moz:webdriverClick: true, pageLoadStrategy: normal, platform: XP, platformName: XP, platformVersion: 6.1, rotatable: false, timeouts: {implicit: 0, pageLoad: 300000, script: 30000}}
Session ID: f18efae3-e932-4032-8eab-d697805c0296
*** Element info: {Using=id, value=crop_btn}">
      <![CDATA[org.openqa.selenium.NoAlertPresentException: No modal dialog is currently open
Build info: version: '3.11.0', revision: 'e59cfb3', time: '2018-03-11T20:33:15.31Z'
System info: host: 'USER-PC', ip: '192.168.1.199', os.name: 'Windows 7', os.arch: 'amd64', os.version: '6.1', java.version: '10.0.1'
Driver info: org.openqa.selenium.firefox.FirefoxDriver
Capabilities {acceptInsecureCerts: true, browserName: firefox, browserVersion: 59.0.2, javascriptEnabled: true, moz:accessibilityChecks: false, moz:headless: false, moz:processID: 8916, moz:profile: C:\Users\user\AppData\Local..., moz:useNonSpecCompliantPointerOrigin: false, moz:webdriverClick: true, pageLoadStrategy: normal, platform: XP, platformName: XP, platformVersion: 6.1, rotatable: false, timeouts: {implicit: 0, pageLoad: 300000, script: 30000}}
Session ID: f18efae3-e932-4032-8eab-d697805c0296
*** Element info: {Using=id, value=crop_btn}
at org.openqa.selenium.remote.http.W3CHttpResponseCodec.createException(W3CHttpResponseCodec.java:187)
at org.openqa.selenium.remote.http.W3CHttpResponseCodec.decode(W3CHttpResponseCodec.java:122)
at org.openqa.selenium.remote.http.W3CHttpResponseCodec.decode(W3CHttpResponseCodec.java:49)
at org.openqa.selenium.remote.HttpCommandExecutor.execute(HttpCommandExecutor.java:158)
at org.openqa.selenium.remote.service.DriverCommandExecutor.execute(DriverCommandExecutor.java:83)
at org.openqa.selenium.remote.RemoteWebDriver.execute(RemoteWebDriver.java:545)
at org.openqa.selenium.remote.RemoteWebDriver.findElement(RemoteWebDriver.java:319)
at org.openqa.selenium.remote.RemoteWebDriver.findElementById(RemoteWebDriver.java:365)
at org.openqa.selenium.By$ById.findElement(By.java:218)
at org.openqa.selenium.remote.RemoteWebDriver.findElement(RemoteWebDriver.java:311)
at test.org.ArticleBranding.changeyourImage(ArticleBranding.java:217)
... Removed 29 stack frames]]>
    </failure>
  </testcase> <!-- changeyourImage -->
  <testcase classname="test.org.ArticleBranding" name="updatepersonalPreview" time="12.522"/>
  <testcase classname="test.org.ArticleBranding" name="previewContent" time="60.173">
    <failure type="org.openqa.selenium.NoSuchElementException" message="Unable to locate element: //div[3]/span/p
For documentation on this error, please visit: http://seleniumhq.org/exceptions/no_such_element.html
Build info: version: &amp;apos;3.11.0&amp;apos;, revision: &amp;apos;e59cfb3&amp;apos;, time: &amp;apos;2018-03-11T20:33:15.31Z&amp;apos;
System info: host: &amp;apos;USER-PC&amp;apos;, ip: &amp;apos;192.168.1.199&amp;apos;, os.name: &amp;apos;Windows 7&amp;apos;, os.arch: &amp;apos;amd64&amp;apos;, os.version: &amp;apos;6.1&amp;apos;, java.version: &amp;apos;10.0.1&amp;apos;
Driver info: org.openqa.selenium.firefox.FirefoxDriver
Capabilities {acceptInsecureCerts: true, browserName: firefox, browserVersion: 59.0.2, javascriptEnabled: true, moz:accessibilityChecks: false, moz:headless: false, moz:processID: 8840, moz:profile: C:\Users\user\AppData\Local..., moz:useNonSpecCompliantPointerOrigin: false, moz:webdriverClick: true, pageLoadStrategy: normal, platform: XP, platformName: XP, platformVersion: 6.1, rotatable: false, timeouts: {implicit: 0, pageLoad: 300000, script: 30000}}
Session ID: 8bc448a4-356e-4f57-9db8-80e4275a4c61
*** Element info: {Using=xpath, value=//div[3]/span/p}">
      <![CDATA[org.openqa.selenium.NoSuchElementException: Unable to locate element: //div[3]/span/p
For documentation on this error, please visit: http://seleniumhq.org/exceptions/no_such_element.html
Build info: version: '3.11.0', revision: 'e59cfb3', time: '2018-03-11T20:33:15.31Z'
System info: host: 'USER-PC', ip: '192.168.1.199', os.name: 'Windows 7', os.arch: 'amd64', os.version: '6.1', java.version: '10.0.1'
Driver info: org.openqa.selenium.firefox.FirefoxDriver
Capabilities {acceptInsecureCerts: true, browserName: firefox, browserVersion: 59.0.2, javascriptEnabled: true, moz:accessibilityChecks: false, moz:headless: false, moz:processID: 8840, moz:profile: C:\Users\user\AppData\Local..., moz:useNonSpecCompliantPointerOrigin: false, moz:webdriverClick: true, pageLoadStrategy: normal, platform: XP, platformName: XP, platformVersion: 6.1, rotatable: false, timeouts: {implicit: 0, pageLoad: 300000, script: 30000}}
Session ID: 8bc448a4-356e-4f57-9db8-80e4275a4c61
*** Element info: {Using=xpath, value=//div[3]/span/p}
at org.openqa.selenium.remote.http.W3CHttpResponseCodec.createException(W3CHttpResponseCodec.java:187)
at org.openqa.selenium.remote.http.W3CHttpResponseCodec.decode(W3CHttpResponseCodec.java:122)
at org.openqa.selenium.remote.http.W3CHttpResponseCodec.decode(W3CHttpResponseCodec.java:49)
at org.openqa.selenium.remote.HttpCommandExecutor.execute(HttpCommandExecutor.java:158)
at org.openqa.selenium.remote.service.DriverCommandExecutor.execute(DriverCommandExecutor.java:83)
at org.openqa.selenium.remote.RemoteWebDriver.execute(RemoteWebDriver.java:545)
at org.openqa.selenium.remote.RemoteWebDriver.findElement(RemoteWebDriver.java:319)
at org.openqa.selenium.remote.RemoteWebDriver.findElementByXPath(RemoteWebDriver.java:421)
at org.openqa.selenium.By$ByXPath.findElement(By.java:361)
at org.openqa.selenium.remote.RemoteWebDriver.findElement(RemoteWebDriver.java:311)
at test.org.ArticleBranding.previewContent(ArticleBranding.java:264)
... Removed 29 stack frames]]>
    </failure>
  </testcase> <!-- previewContent -->
  <testcase classname="test.org.ArticleBranding" name="previewverifyDetails" time="0.0">
    <skipped/>
  </testcase> <!-- previewverifyDetails -->
  <testcase classname="test.org.ArticleBranding" name="previewverifyWebsite" time="0.0">
    <skipped/>
  </testcase> <!-- previewverifyWebsite -->
  <testcase classname="test.org.ArticleBranding" name="previewverifyGettouch" time="0.0">
    <skipped/>
  </testcase> <!-- previewverifyGettouch -->
  <testcase classname="test.org.ArticleBranding" name="previewverifyFacebook" time="0.0">
    <skipped/>
  </testcase> <!-- previewverifyFacebook -->
  <testcase classname="test.org.ArticleBranding" name="previewverifyTwitter" time="0.0">
    <skipped/>
  </testcase> <!-- previewverifyTwitter -->
  <testcase classname="test.org.ArticleBranding" name="previewverifyLinkedin" time="0.0">
    <skipped/>
  </testcase> <!-- previewverifyLinkedin -->
  <testcase classname="test.org.ArticleBranding" name="previewverifyGPlus" time="0.0">
    <skipped/>
  </testcase> <!-- previewverifyGPlus -->
  <testcase classname="test.org.ArticleBranding" name="verifydetailsbox" time="0.0">
    <skipped/>
  </testcase> <!-- verifydetailsbox -->
  <testcase classname="test.org.ArticleBranding" name="previewContact" time="0.0">
    <skipped/>
  </testcase> <!-- previewContact -->
  <testcase classname="test.org.ArticleBranding" name="previewprofessionalBio" time="0.0">
    <skipped/>
  </testcase> <!-- previewprofessionalBio -->
  <testcase classname="test.org.ArticleBranding" name="previewSocial" time="0.0">
    <skipped/>
  </testcase> <!-- previewSocial -->
  <testcase classname="test.org.ArticleBranding" name="draganddropFirst" time="0.0">
    <skipped/>
  </testcase> <!-- draganddropFirst -->
  <testcase classname="test.org.ArticleBranding" name="draganddropCompany" time="0.0">
    <skipped/>
  </testcase> <!-- draganddropCompany -->
  <testcase classname="test.org.ArticleBranding" name="draganddropTeam" time="0.0">
    <skipped/>
  </testcase> <!-- draganddropTeam -->
  <testcase classname="test.org.ArticleBranding" name="draganddropJob" time="0.0">
    <skipped/>
  </testcase> <!-- draganddropJob -->
  <testcase classname="test.org.ArticleBranding" name="draganddropDesig" time="0.0">
    <skipped/>
  </testcase> <!-- draganddropDesig -->
  <testcase classname="test.org.ArticleBranding" name="verifyGenTool" time="0.0">
    <skipped/>
  </testcase> <!-- verifyGenTool -->
  <testcase classname="test.org.ArticleBranding" name="BlogHomepage" time="0.0">
    <skipped/>
  </testcase> <!-- BlogHomepage -->
  <testcase classname="test.org.ArticleBranding" name="leadgentoolClick" time="0.0">
    <skipped/>
  </testcase> <!-- leadgentoolClick -->
  <testcase classname="test.org.ArticleBranding" name="leadgentoolUrl" time="0.0">
    <skipped/>
  </testcase> <!-- leadgentoolUrl -->
  <testcase classname="test.org.ArticleBranding" name="leadgentoolEditMail" time="0.0">
    <skipped/>
  </testcase> <!-- leadgentoolEditMail -->
  <testcase classname="test.org.ArticleBranding" name="complianceinfoBox" time="0.0">
    <skipped/>
  </testcase> <!-- complianceinfoBox -->
  <testcase classname="test.org.ArticleBranding" name="chooselogoCheckBox" time="0.0">
    <skipped/>
  </testcase> <!-- chooselogoCheckBox -->
  <testcase classname="test.org.ArticleBranding" name="verifydetailsboxNegative" time="0.0">
    <skipped/>
  </testcase> <!-- verifydetailsboxNegative -->
</testsuite> <!-- Test2 -->
