<?xml version="1.0" encoding="UTF-8"?>
<!-- Generated by org.testng.reporters.JUnitXMLReporter -->
<testsuite ignored="0" hostname="user-PC" failures="1" tests="12" name="Test3" time="455.314" errors="0" timestamp="28 Apr 2018 06:24:09 GMT">
  <testcase classname="test.org.Login" name="verifyLogin" time="1.098"/>
  <testcase classname="test.org.Login" name="loginpositive" time="8.709">
    <failure type="org.openqa.selenium.ElementClickInterceptedException" message="Element &amp;lt;a href=&amp;quot;https://innercircle.lightersideofrealestate.com/wp-login.php?action=logout&amp;amp;redirect_to=%2Flogout&amp;amp;_wpnonce=74c2b0251f&amp;quot;&amp;gt; is not clickable at point (1284.841682434082,47) because another element &amp;lt;div class=&amp;quot;load-wrap&amp;quot;&amp;gt; obscures it
Build info: version: &amp;apos;3.11.0&amp;apos;, revision: &amp;apos;e59cfb3&amp;apos;, time: &amp;apos;2018-03-11T20:33:15.31Z&amp;apos;
System info: host: &amp;apos;USER-PC&amp;apos;, ip: &amp;apos;192.168.1.199&amp;apos;, os.name: &amp;apos;Windows 7&amp;apos;, os.arch: &amp;apos;amd64&amp;apos;, os.version: &amp;apos;6.1&amp;apos;, java.version: &amp;apos;10.0.1&amp;apos;
Driver info: org.openqa.selenium.firefox.FirefoxDriver
Capabilities {acceptInsecureCerts: true, browserName: firefox, browserVersion: 59.0.2, javascriptEnabled: true, moz:accessibilityChecks: false, moz:headless: false, moz:processID: 6492, moz:profile: C:\Users\user\AppData\Local..., moz:useNonSpecCompliantPointerOrigin: false, moz:webdriverClick: true, pageLoadStrategy: normal, platform: XP, platformName: XP, platformVersion: 6.1, rotatable: false, timeouts: {implicit: 0, pageLoad: 300000, script: 30000}}
Session ID: af2354d7-9e52-4c9e-b792-e191eaf64999">
      <![CDATA[org.openqa.selenium.ElementClickInterceptedException: Element <a href="https://innercircle.lightersideofrealestate.com/wp-login.php?action=logout&redirect_to=%2Flogout&_wpnonce=74c2b0251f"> is not clickable at point (1284.841682434082,47) because another element <div class="load-wrap"> obscures it
Build info: version: '3.11.0', revision: 'e59cfb3', time: '2018-03-11T20:33:15.31Z'
System info: host: 'USER-PC', ip: '192.168.1.199', os.name: 'Windows 7', os.arch: 'amd64', os.version: '6.1', java.version: '10.0.1'
Driver info: org.openqa.selenium.firefox.FirefoxDriver
Capabilities {acceptInsecureCerts: true, browserName: firefox, browserVersion: 59.0.2, javascriptEnabled: true, moz:accessibilityChecks: false, moz:headless: false, moz:processID: 6492, moz:profile: C:\Users\user\AppData\Local..., moz:useNonSpecCompliantPointerOrigin: false, moz:webdriverClick: true, pageLoadStrategy: normal, platform: XP, platformName: XP, platformVersion: 6.1, rotatable: false, timeouts: {implicit: 0, pageLoad: 300000, script: 30000}}
Session ID: af2354d7-9e52-4c9e-b792-e191eaf64999
at org.openqa.selenium.remote.http.W3CHttpResponseCodec.createException(W3CHttpResponseCodec.java:187)
at org.openqa.selenium.remote.http.W3CHttpResponseCodec.decode(W3CHttpResponseCodec.java:122)
at org.openqa.selenium.remote.http.W3CHttpResponseCodec.decode(W3CHttpResponseCodec.java:49)
at org.openqa.selenium.remote.HttpCommandExecutor.execute(HttpCommandExecutor.java:158)
at org.openqa.selenium.remote.service.DriverCommandExecutor.execute(DriverCommandExecutor.java:83)
at org.openqa.selenium.remote.RemoteWebDriver.execute(RemoteWebDriver.java:545)
at org.openqa.selenium.remote.RemoteWebElement.execute(RemoteWebElement.java:279)
at org.openqa.selenium.remote.RemoteWebElement.click(RemoteWebElement.java:83)
at test.pom.Loginpom.typelogout(Loginpom.java:53)
at test.org.Login.loginpositive(Login.java:74)
... Removed 29 stack frames]]>
    </failure>
  </testcase> <!-- loginpositive -->
  <testcase classname="test.org.Login" name="validVerify" time="0.539"/>
  <testcase classname="test.org.Login" name="loginnegative" time="5.426"/>
  <testcase classname="test.org.Login" name="forget" time="4.157"/>
  <testcase classname="test.org.Login" name="learnmore" time="23.43"/>
  <testcase classname="test.org.Login" name="contactus" time="4.702"/>
  <testcase classname="test.org.Login" name="icfacebook" time="0.399"/>
  <testcase classname="test.org.Login" name="privacy" time="4.28"/>
  <testcase classname="test.org.Login" name="terms" time="4.064"/>
  <testcase classname="test.org.Login" name="lslogobelow" time="8.486"/>
  <testcase classname="test.org.Login" name="lslogotop" time="4.34"/>
</testsuite> <!-- Test3 -->
