<html>
<head>
<title>TestNG:  Test3</title>
<link href="../testng.css" rel="stylesheet" type="text/css" />
<link href="../my-testng.css" rel="stylesheet" type="text/css" />

<style type="text/css">
.log { display: none;} 
.stack-trace { display: none;} 
</style>
<script type="text/javascript">
<!--
function flip(e) {
  current = e.style.display;
  if (current == 'block') {
    e.style.display = 'none';
    return 0;
  }
  else {
    e.style.display = 'block';
    return 1;
  }
}

function toggleBox(szDivId, elem, msg1, msg2)
{
  var res = -1;  if (document.getElementById) {
    res = flip(document.getElementById(szDivId));
  }
  else if (document.all) {
    // this is the way old msie versions work
    res = flip(document.all[szDivId]);
  }
  if(elem) {
    if(res == 0) elem.innerHTML = msg1; else elem.innerHTML = msg2;
  }

}

function toggleAllBoxes() {
  if (document.getElementsByTagName) {
    d = document.getElementsByTagName('div');
    for (i = 0; i < d.length; i++) {
      if (d[i].className == 'log') {
        flip(d[i]);
      }
    }
  }
}

// -->
</script>

</head>
<body>
<h2 align='center'>Test3</h2><table border='1' align="center">
<tr>
<td>Tests passed/Failed/Skipped:</td><td>11/1/0</td>
</tr><tr>
<td>Started on:</td><td>Sat Apr 28 11:46:34 IST 2018</td>
</tr>
<tr><td>Total time:</td><td>455 seconds (455314 ms)</td>
</tr><tr>
<td>Included groups:</td><td></td>
</tr><tr>
<td>Excluded groups:</td><td></td>
</tr>
</table><p/>
<small><i>(Hover the method name to see the test class name)</i></small><p/>
<table width='100%' border='1' class='invocation-failed'>
<tr><td colspan='4' align='center'><b>FAILED TESTS</b></td></tr>
<tr><td><b>Test method</b></td>
<td width="30%"><b>Exception</b></td>
<td width="10%"><b>Time (seconds)</b></td>
<td><b>Instance</b></td>
</tr>
<tr>
<td title='test.org.Login.loginpositive()'><b>loginpositive</b><br>Test class: test.org.Login<br>Test method: login positive</td>
<td><div><pre>org.openqa.selenium.ElementClickInterceptedException: Element &lt;a href=&quot;https://innercircle.lightersideofrealestate.com/wp-login.php?action=logout&amp;redirect_to=%2Flogout&amp;_wpnonce=74c2b0251f&quot;&gt; is not clickable at point (1284.841682434082,47) because another element &lt;div class=&quot;load-wrap&quot;&gt; obscures it
Build info: version: &apos;3.11.0&apos;, revision: &apos;e59cfb3&apos;, time: &apos;2018-03-11T20:33:15.31Z&apos;
System info: host: &apos;USER-PC&apos;, ip: &apos;192.168.1.199&apos;, os.name: &apos;Windows 7&apos;, os.arch: &apos;amd64&apos;, os.version: &apos;6.1&apos;, java.version: &apos;10.0.1&apos;
Driver info: org.openqa.selenium.firefox.FirefoxDriver
Capabilities {acceptInsecureCerts: true, browserName: firefox, browserVersion: 59.0.2, javascriptEnabled: true, moz:accessibilityChecks: false, moz:headless: false, moz:processID: 6492, moz:profile: C:\Users\user\AppData\Local..., moz:useNonSpecCompliantPointerOrigin: false, moz:webdriverClick: true, pageLoadStrategy: normal, platform: XP, platformName: XP, platformVersion: 6.1, rotatable: false, timeouts: {implicit: 0, pageLoad: 300000, script: 30000}}
Session ID: af2354d7-9e52-4c9e-b792-e191eaf64999
	at org.openqa.selenium.remote.http.W3CHttpResponseCodec.createException(W3CHttpResponseCodec.java:187)
	at org.openqa.selenium.remote.http.W3CHttpResponseCodec.decode(W3CHttpResponseCodec.java:122)
	at org.openqa.selenium.remote.http.W3CHttpResponseCodec.decode(W3CHttpResponseCodec.java:49)
	at org.openqa.selenium.remote.HttpCommandExecutor.execute(HttpCommandExecutor.java:158)
	at org.openqa.selenium.remote.service.DriverCommandExecutor.execute(DriverCommandExecutor.java:83)
	at org.openqa.selenium.remote.RemoteWebDriver.execute(RemoteWebDriver.java:545)
	at org.openqa.selenium.remote.RemoteWebElement.execute(RemoteWebElement.java:279)
	at org.openqa.selenium.remote.RemoteWebElement.click(RemoteWebElement.java:83)
	at test.pom.Loginpom.typelogout(Loginpom.java:53)
	at test.org.Login.loginpositive(Login.java:74)
... Removed 29 stack frames</pre></div><a href='#' onClick='toggleBox("stack-trace679613617", this, "Click to show all stack frames", "Click to hide stack frames")'>Click to show all stack frames</a>
<div class='stack-trace' id='stack-trace679613617'><pre>org.openqa.selenium.ElementClickInterceptedException: Element &lt;a href=&quot;https://innercircle.lightersideofrealestate.com/wp-login.php?action=logout&amp;redirect_to=%2Flogout&amp;_wpnonce=74c2b0251f&quot;&gt; is not clickable at point (1284.841682434082,47) because another element &lt;div class=&quot;load-wrap&quot;&gt; obscures it
Build info: version: &apos;3.11.0&apos;, revision: &apos;e59cfb3&apos;, time: &apos;2018-03-11T20:33:15.31Z&apos;
System info: host: &apos;USER-PC&apos;, ip: &apos;192.168.1.199&apos;, os.name: &apos;Windows 7&apos;, os.arch: &apos;amd64&apos;, os.version: &apos;6.1&apos;, java.version: &apos;10.0.1&apos;
Driver info: org.openqa.selenium.firefox.FirefoxDriver
Capabilities {acceptInsecureCerts: true, browserName: firefox, browserVersion: 59.0.2, javascriptEnabled: true, moz:accessibilityChecks: false, moz:headless: false, moz:processID: 6492, moz:profile: C:\Users\user\AppData\Local..., moz:useNonSpecCompliantPointerOrigin: false, moz:webdriverClick: true, pageLoadStrategy: normal, platform: XP, platformName: XP, platformVersion: 6.1, rotatable: false, timeouts: {implicit: 0, pageLoad: 300000, script: 30000}}
Session ID: af2354d7-9e52-4c9e-b792-e191eaf64999
	at java.base/jdk.internal.reflect.NativeConstructorAccessorImpl.newInstance0(Native Method)
	at java.base/jdk.internal.reflect.NativeConstructorAccessorImpl.newInstance(Unknown Source)
	at java.base/jdk.internal.reflect.DelegatingConstructorAccessorImpl.newInstance(Unknown Source)
	at java.base/java.lang.reflect.Constructor.newInstance(Unknown Source)
	at org.openqa.selenium.remote.http.W3CHttpResponseCodec.createException(W3CHttpResponseCodec.java:187)
	at org.openqa.selenium.remote.http.W3CHttpResponseCodec.decode(W3CHttpResponseCodec.java:122)
	at org.openqa.selenium.remote.http.W3CHttpResponseCodec.decode(W3CHttpResponseCodec.java:49)
	at org.openqa.selenium.remote.HttpCommandExecutor.execute(HttpCommandExecutor.java:158)
	at org.openqa.selenium.remote.service.DriverCommandExecutor.execute(DriverCommandExecutor.java:83)
	at org.openqa.selenium.remote.RemoteWebDriver.execute(RemoteWebDriver.java:545)
	at org.openqa.selenium.remote.RemoteWebElement.execute(RemoteWebElement.java:279)
	at org.openqa.selenium.remote.RemoteWebElement.click(RemoteWebElement.java:83)
	at test.pom.Loginpom.typelogout(Loginpom.java:53)
	at test.org.Login.loginpositive(Login.java:74)
	at java.base/jdk.internal.reflect.NativeMethodAccessorImpl.invoke0(Native Method)
	at java.base/jdk.internal.reflect.NativeMethodAccessorImpl.invoke(Unknown Source)
	at java.base/jdk.internal.reflect.DelegatingMethodAccessorImpl.invoke(Unknown Source)
	at java.base/java.lang.reflect.Method.invoke(Unknown Source)
	at org.testng.internal.MethodInvocationHelper.invokeMethod(MethodInvocationHelper.java:124)
	at org.testng.internal.Invoker.invokeMethod(Invoker.java:580)
	at org.testng.internal.Invoker.invokeTestMethod(Invoker.java:716)
	at org.testng.internal.Invoker.invokeTestMethods(Invoker.java:988)
	at org.testng.internal.TestMethodWorker.invokeTestMethods(TestMethodWorker.java:125)
	at org.testng.internal.TestMethodWorker.run(TestMethodWorker.java:109)
	at org.testng.TestRunner.privateRun(TestRunner.java:648)
	at org.testng.TestRunner.run(TestRunner.java:505)
	at org.testng.SuiteRunner.runTest(SuiteRunner.java:455)
	at org.testng.SuiteRunner.runSequentially(SuiteRunner.java:450)
	at org.testng.SuiteRunner.privateRun(SuiteRunner.java:415)
	at org.testng.SuiteRunner.run(SuiteRunner.java:364)
	at org.testng.SuiteRunnerWorker.runSuite(SuiteRunnerWorker.java:52)
	at org.testng.SuiteRunnerWorker.run(SuiteRunnerWorker.java:84)
	at org.testng.TestNG.runSuitesSequentially(TestNG.java:1208)
	at org.testng.TestNG.runSuitesLocally(TestNG.java:1137)
	at org.testng.TestNG.runSuites(TestNG.java:1049)
	at org.testng.TestNG.run(TestNG.java:1017)
	at org.testng.remote.AbstractRemoteTestNG.run(AbstractRemoteTestNG.java:114)
	at org.testng.remote.RemoteTestNG.initAndRun(RemoteTestNG.java:251)
	at org.testng.remote.RemoteTestNG.main(RemoteTestNG.java:77)
</pre></div></td>
<td>8</td>
<td>test.org.Login@7d4f9aae</td></tr>
</table><p>
<table width='100%' border='1' class='invocation-passed'>
<tr><td colspan='4' align='center'><b>PASSED TESTS</b></td></tr>
<tr><td><b>Test method</b></td>
<td width="30%"><b>Exception</b></td>
<td width="10%"><b>Time (seconds)</b></td>
<td><b>Instance</b></td>
</tr>
<tr>
<td title='test.org.Login.contactus()'><b>contactus</b><br>Test class: test.org.Login<br>Test method: Contact us</td>
<td></td>
<td>4</td>
<td>test.org.Login@7d4f9aae</td></tr>
<tr>
<td title='test.org.Login.forget()'><b>forget</b><br>Test class: test.org.Login<br>Test method: openlink</td>
<td></td>
<td>4</td>
<td>test.org.Login@7d4f9aae</td></tr>
<tr>
<td title='test.org.Login.icfacebook()'><b>icfacebook</b><br>Test class: test.org.Login<br>Test method: IC Facebook</td>
<td></td>
<td>0</td>
<td>test.org.Login@7d4f9aae</td></tr>
<tr>
<td title='test.org.Login.learnmore()'><b>learnmore</b><br>Test class: test.org.Login<br>Test method: learn more</td>
<td></td>
<td>23</td>
<td>test.org.Login@7d4f9aae</td></tr>
<tr>
<td title='test.org.Login.loginnegative()'><b>loginnegative</b><br>Test class: test.org.Login<br>Test method: login negative</td>
<td></td>
<td>5</td>
<td>test.org.Login@7d4f9aae</td></tr>
<tr>
<td title='test.org.Login.lslogobelow()'><b>lslogobelow</b><br>Test class: test.org.Login<br>Test method: lighterside login verification</td>
<td></td>
<td>8</td>
<td>test.org.Login@7d4f9aae</td></tr>
<tr>
<td title='test.org.Login.lslogotop()'><b>lslogotop</b><br>Test class: test.org.Login<br>Test method: lighterside login verification</td>
<td></td>
<td>4</td>
<td>test.org.Login@7d4f9aae</td></tr>
<tr>
<td title='test.org.Login.privacy()'><b>privacy</b><br>Test class: test.org.Login<br>Test method: Privacy</td>
<td></td>
<td>4</td>
<td>test.org.Login@7d4f9aae</td></tr>
<tr>
<td title='test.org.Login.terms()'><b>terms</b><br>Test class: test.org.Login<br>Test method: terms of use verification</td>
<td></td>
<td>4</td>
<td>test.org.Login@7d4f9aae</td></tr>
<tr>
<td title='test.org.Login.validVerify()'><b>validVerify</b><br>Test class: test.org.Login<br>Test method: login empty</td>
<td></td>
<td>0</td>
<td>test.org.Login@7d4f9aae</td></tr>
<tr>
<td title='test.org.Login.verifyLogin()'><b>verifyLogin</b><br>Test class: test.org.Login<br>Test method: Dashboard</td>
<td></td>
<td>1</td>
<td>test.org.Login@7d4f9aae</td></tr>
</table><p>
</body>
</html>